<?xml version="1.0" encoding="UTF-8"?>
<testsuite name="TestImplementation" tests="3" skipped="0" failures="0" errors="0" timestamp="2020-12-17T11:22:57" hostname="PC033" time="0.011">
  <properties/>
  <testcase name="matchTest()" classname="TestImplementation" time="0.009"/>
  <testcase name="matchTest2()" classname="TestImplementation" time="0.0"/>
  <testcase name="matchTest3()" classname="TestImplementation" time="0.0"/>
  <system-out><![CDATA[
matchTest


matchTest-2


matchTest-3

]]></system-out>
  <system-err><![CDATA[]]></system-err>
</testsuite>
