<?xml version="1.0" encoding="UTF-8"?>
<testsuite name="TestImplementation" tests="1" skipped="0" failures="0" errors="0" timestamp="2020-12-18T14:41:35" hostname="PC034" time="46.243">
  <properties/>
  <testcase name="verifyPageTitle()" classname="TestImplementation" time="46.243"/>
  <system-out><![CDATA[
Page title : Apple


Page URL : https://www.apple.com/mac/


Page title : Mac - Apple

]]></system-out>
  <system-err><![CDATA[Starting ChromeDriver 87.0.4280.20 (c99e81631faa0b2a448e658c0dbd8311fb04ddbd-refs/branch-heads/4280@{#355}) on port 11735
Only local connections are allowed.
Please see https://chromedriver.chromium.org/security-considerations for suggestions on keeping ChromeDriver safe.
ChromeDriver was started successfully.
Dec 18, 2020 3:41:39 PM org.openqa.selenium.remote.ProtocolHandshake createSession
INFO: Detected dialect: W3C
]]></system-err>
</testsuite>
